<?xml version="1.0" encoding="UTF-8"?>
<testng-results skipped="0" failed="0" total="1" passed="1">
  <reporter-output>
  </reporter-output>
  <suite name="Default suite" duration-ms="13322" started-at="2019-12-12T09:35:20Z" finished-at="2019-12-12T09:35:33Z">
    <groups>
    </groups>
    <test name="Default test" duration-ms="13322" started-at="2019-12-12T09:35:20Z" finished-at="2019-12-12T09:35:33Z">
      <class name="com.acc.selenium_demo_practice.selenium_downloads">
        <test-method status="PASS" signature="open_browser()[pri:0, instance:com.acc.selenium_demo_practice.selenium_downloads@756e4d]" name="open_browser" is-config="true" duration-ms="12694" started-at="2019-12-12T15:05:20Z" finished-at="2019-12-12T15:05:32Z">
          <reporter-output>
          </reporter-output>
        </test-method> <!-- open_browser -->
        <test-method status="PASS" signature="sel_down()[pri:0, instance:com.acc.selenium_demo_practice.selenium_downloads@756e4d]" name="sel_down" duration-ms="607" started-at="2019-12-12T15:05:32Z" finished-at="2019-12-12T15:05:33Z">
          <reporter-output>
          </reporter-output>
        </test-method> <!-- sel_down -->
        <test-method status="PASS" signature="close_browser()[pri:0, instance:com.acc.selenium_demo_practice.selenium_downloads@756e4d]" name="close_browser" is-config="true" duration-ms="0" started-at="2019-12-12T15:05:33Z" finished-at="2019-12-12T15:05:33Z">
          <reporter-output>
          </reporter-output>
        </test-method> <!-- close_browser -->
      </class> <!-- com.acc.selenium_demo_practice.selenium_downloads -->
    </test> <!-- Default test -->
  </suite> <!-- Default suite -->
</testng-results>
